<?xml version="1.0" encoding="UTF-8"?>
<testsuite name="ru.pavlov.FactorialTest" tests="5" skipped="0" failures="0" errors="0" timestamp="2025-02-20T21:01:17" hostname="DESKTOP-1MJITN0" time="0.61">
  <properties/>
  <testcase name="testFactorialOfMaxNumber()" classname="ru.pavlov.FactorialTest" time="0.016"/>
  <testcase name="testFactorialOfBigNumber9()" classname="ru.pavlov.FactorialTest" time="0.001"/>
  <testcase name="testNegativeNumber()" classname="ru.pavlov.FactorialTest" time="0.001"/>
  <testcase name="testFactorialOfZero()" classname="ru.pavlov.FactorialTest" time="0.002"/>
  <testcase name="softTestFactorialOfNumber()" classname="ru.pavlov.FactorialTest" time="0.584"/>
  <system-out><![CDATA[]]></system-out>
  <system-err><![CDATA[]]></system-err>
</testsuite>
