<?xml version="1.0" encoding="UTF-8"?>
<testsuite name="mts.pavlov.PageTest" tests="4" skipped="0" failures="0" errors="0" timestamp="2025-02-25T11:14:33" hostname="DESKTOP-1MJITN0" time="222.558">
  <properties/>
  <testcase name="testCheckBlockTitle()" classname="mts.pavlov.PageTest" time="79.591"/>
  <testcase name="testMoreAboutServiceLink()" classname="mts.pavlov.PageTest" time="38.323"/>
  <testcase name="testPaymentSystemLogos()" classname="mts.pavlov.PageTest" time="74.564"/>
  <testcase name="testOnlinePaymentForm()" classname="mts.pavlov.PageTest" time="30.079"/>
  <system-out><![CDATA[]]></system-out>
  <system-err><![CDATA[SLF4J: No SLF4J providers were found.
SLF4J: Defaulting to no-operation (NOP) logger implementation
SLF4J: See https://www.slf4j.org/codes.html#noProviders for further details.
февр. 25, 2025 2:14:35 PM org.openqa.selenium.devtools.CdpVersionFinder findNearestMatch
WARNING: Unable to find CDP implementation matching 133
февр. 25, 2025 2:14:35 PM org.openqa.selenium.chromium.ChromiumDriver lambda$new$5
WARNING: Unable to find version of CDP to use for 133.0.6943.127. You may need to include a dependency on a specific version of the CDP using something similar to `org.seleniumhq.selenium:selenium-devtools-v86:4.12.0` where the version ("v86") matches the version of the chromium-based browser you're using and the version number of the artifact is the same as Selenium's.
февр. 25, 2025 2:15:53 PM org.openqa.selenium.devtools.CdpVersionFinder findNearestMatch
WARNING: Unable to find CDP implementation matching 133
февр. 25, 2025 2:15:53 PM org.openqa.selenium.chromium.ChromiumDriver lambda$new$5
WARNING: Unable to find version of CDP to use for 133.0.6943.127. You may need to include a dependency on a specific version of the CDP using something similar to `org.seleniumhq.selenium:selenium-devtools-v86:4.12.0` where the version ("v86") matches the version of the chromium-based browser you're using and the version number of the artifact is the same as Selenium's.
февр. 25, 2025 2:16:32 PM org.openqa.selenium.devtools.CdpVersionFinder findNearestMatch
WARNING: Unable to find CDP implementation matching 133
февр. 25, 2025 2:16:32 PM org.openqa.selenium.chromium.ChromiumDriver lambda$new$5
WARNING: Unable to find version of CDP to use for 133.0.6943.127. You may need to include a dependency on a specific version of the CDP using something similar to `org.seleniumhq.selenium:selenium-devtools-v86:4.12.0` where the version ("v86") matches the version of the chromium-based browser you're using and the version number of the artifact is the same as Selenium's.
февр. 25, 2025 2:17:46 PM org.openqa.selenium.devtools.CdpVersionFinder findNearestMatch
WARNING: Unable to find CDP implementation matching 133
февр. 25, 2025 2:17:46 PM org.openqa.selenium.chromium.ChromiumDriver lambda$new$5
WARNING: Unable to find version of CDP to use for 133.0.6943.127. You may need to include a dependency on a specific version of the CDP using something similar to `org.seleniumhq.selenium:selenium-devtools-v86:4.12.0` where the version ("v86") matches the version of the chromium-based browser you're using and the version number of the artifact is the same as Selenium's.
]]></system-err>
</testsuite>
