<?xml version="1.0" encoding="UTF-8"?>
<testsuite name="mts.pavlov.PageTest" tests="4" skipped="0" failures="0" errors="0" timestamp="2025-02-24T17:13:53" hostname="DESKTOP-1MJITN0" time="127.53">
  <properties/>
  <testcase name="testCheckBlockTitle()" classname="mts.pavlov.PageTest" time="43.693"/>
  <testcase name="testMoreAboutServiceLink()" classname="mts.pavlov.PageTest" time="25.243"/>
  <testcase name="testPaymentSystemLogos()" classname="mts.pavlov.PageTest" time="6.678"/>
  <testcase name="testOnlinePaymentForm()" classname="mts.pavlov.PageTest" time="51.913"/>
  <system-out><![CDATA[Всплывающее окно cookie не появилось или уже было закрыто.
Всплывающее окно cookie не появилось или уже было закрыто.
]]></system-out>
  <system-err><![CDATA[SLF4J: No SLF4J providers were found.
SLF4J: Defaulting to no-operation (NOP) logger implementation
SLF4J: See https://www.slf4j.org/codes.html#noProviders for further details.
февр. 24, 2025 8:13:55 PM org.openqa.selenium.devtools.CdpVersionFinder findNearestMatch
WARNING: Unable to find CDP implementation matching 133
февр. 24, 2025 8:13:55 PM org.openqa.selenium.chromium.ChromiumDriver lambda$new$5
WARNING: Unable to find version of CDP to use for 133.0.6943.127. You may need to include a dependency on a specific version of the CDP using something similar to `org.seleniumhq.selenium:selenium-devtools-v86:4.12.0` where the version ("v86") matches the version of the chromium-based browser you're using and the version number of the artifact is the same as Selenium's.
февр. 24, 2025 8:14:37 PM org.openqa.selenium.devtools.CdpVersionFinder findNearestMatch
WARNING: Unable to find CDP implementation matching 133
февр. 24, 2025 8:14:37 PM org.openqa.selenium.chromium.ChromiumDriver lambda$new$5
WARNING: Unable to find version of CDP to use for 133.0.6943.127. You may need to include a dependency on a specific version of the CDP using something similar to `org.seleniumhq.selenium:selenium-devtools-v86:4.12.0` where the version ("v86") matches the version of the chromium-based browser you're using and the version number of the artifact is the same as Selenium's.
февр. 24, 2025 8:15:03 PM org.openqa.selenium.devtools.CdpVersionFinder findNearestMatch
WARNING: Unable to find CDP implementation matching 133
февр. 24, 2025 8:15:03 PM org.openqa.selenium.chromium.ChromiumDriver lambda$new$5
WARNING: Unable to find version of CDP to use for 133.0.6943.127. You may need to include a dependency on a specific version of the CDP using something similar to `org.seleniumhq.selenium:selenium-devtools-v86:4.12.0` where the version ("v86") matches the version of the chromium-based browser you're using and the version number of the artifact is the same as Selenium's.
февр. 24, 2025 8:15:09 PM org.openqa.selenium.devtools.CdpVersionFinder findNearestMatch
WARNING: Unable to find CDP implementation matching 133
февр. 24, 2025 8:15:09 PM org.openqa.selenium.chromium.ChromiumDriver lambda$new$5
WARNING: Unable to find version of CDP to use for 133.0.6943.127. You may need to include a dependency on a specific version of the CDP using something similar to `org.seleniumhq.selenium:selenium-devtools-v86:4.12.0` where the version ("v86") matches the version of the chromium-based browser you're using and the version number of the artifact is the same as Selenium's.
]]></system-err>
</testsuite>
